<?xml version="1.0" encoding="UTF-8"?>
<!-- Generated by org.testng.reporters.JUnitReportReporter -->
<testsuite hostname="DESKTOP-05M0LBI" failures="0" tests="1" name="vtiger1.test1" time="0.001" errors="0" timestamp="2021-08-19T18:06:52 IST" skipped="0">
  <testcase classname="vtiger1.test1" name="printTest" time="0.001"/>
  <system-out/>
</testsuite> <!-- vtiger1.test1 -->
