<?xml version="1.0" encoding="UTF-8"?>
<!-- Generated by org.testng.reporters.JUnitReportReporter -->
<testsuite hostname="DESKTOP-05M0LBI" failures="0" tests="3" name="practicetest.Con_ovTest" time="84.101" errors="0" timestamp="2021-09-07T23:13:49 IST" skipped="0">
  <testcase classname="practicetest.Con_ovTest" name="ConverLeadToBySelectingOnlyOrganisation2Test" time="28.068"/>
  <system-out/>
  <testcase classname="practicetest.Con_ovTest" name="ConverLeadToBySelectingOnlyOrganisation1Test" time="27.955"/>
  <system-out/>
  <testcase classname="practicetest.Con_ovTest" name="ConverLeadToBySelectingOnlyOrganisationTest" time="28.078"/>
  <system-out/>
</testsuite> <!-- practicetest.Con_ovTest -->
