<?xml version="1.0" encoding="UTF-8"?>
<!-- Generated by org.testng.reporters.JUnitReportReporter -->
<testsuite hostname="DESKTOP-05M0LBI" failures="0" tests="1" name="vtiger1.test2" time="0.008" errors="0" timestamp="2021-08-19T18:06:52 IST" skipped="0">
  <testcase classname="vtiger1.test2" name="printTest1" time="0.008"/>
  <system-out/>
</testsuite> <!-- vtiger1.test2 -->
